<?xml version="1.0" encoding="UTF-8"?>
<!-- Generated by org.testng.reporters.JUnitXMLReporter -->
<testsuite hostname="LAPTOP-H0NIDIB9" ignored="0" name="Command line test" tests="1" failures="0" timestamp="13 Mar 2020 05:57:23 GMT" time="0.11" errors="0">
  <testcase name="@BeforeClass setup" time="0.0" classname="com.seleniumjava.testcases.BaseClass">
    <failure type="org.testng.TestNGException" message="
Parameter &amp;apos;browser&amp;apos; is required by BeforeClass on method setup but has not been marked @Optional or defined
">
      <![CDATA[org.testng.TestNGException: 
Parameter 'browser' is required by BeforeClass on method setup but has not been marked @Optional or defined

... Removed 32 stack frames]]>
    </failure>
  </testcase> <!-- @BeforeClass setup -->
  <testcase name="@AfterClass trearDown" time="0.0" classname="com.seleniumjava.testcases.BaseClass">
    <skipped/>
  </testcase> <!-- @AfterClass trearDown -->
  <testcase name="loginTest" time="0.0" classname="com.seleniumjava.testcases.TC_LoginTest_001">
    <skipped/>
  </testcase> <!-- loginTest -->
</testsuite> <!-- Command line test -->
